Arguments: 
  C:\Program Files\nodejs\node.exe C:\Users\pc\AppData\Roaming\npm\node_modules\yarn\bin\yarn.js add express body-parcer

PATH: 
  C:\Users\pc\bin;C:\Program Files\Git\mingw64\bin;C:\Program Files\Git\usr\local\bin;C:\Program Files\Git\usr\bin;C:\Program Files\Git\usr\bin;C:\Program Files\Git\mingw64\bin;C:\Program Files\Git\usr\bin;C:\Users\pc\bin;C:\Program Files\Common Files\Oracle\Java\javapath;C:\Program Files (x86)\Common Files\Oracle\Java\javapath;C:\WINDOWS\system32;C:\WINDOWS;C:\WINDOWS\System32\Wbem;C:\WINDOWS\System32\WindowsPowerShell\v1.0;C:\WINDOWS\System32\OpenSSH;C:\Program Files\Git\cmd;C:\xampp\php;C:\ProgramData\ComposerSetup\bin;C:\Users\pc\AppData\Local\Programs\Python\Python310\Scripts;C:\Users\pc\AppData\Roaming\nvm;C:\Program Files\nodejs;C:\Program Files (x86)\BaseX\bin;C:\Program Files\MySQL\MySQL Shell 8.0\bin;C:\Users\pc\AppData\Local\Microsoft\WindowsApps;C:\Program Files\JetBrains\PyCharm 2019.1.3\bin;C:\aircrack-ng-1.6-win\bin;C:\Users\pc\AppData\Local\Programs\Microsoft VS Code\bin;C:\Users\pc\AppData\Roaming\Composer\vendor\bin;C:\Program Files\Java\jdk-16.0.1\bin;C:\apache-tomcat-9.0.55\bin;C:\Users\pc\AppData\Roaming\npm;C:\Program Files\heroku\bin;C:\Program Files\JetBrains\IntelliJ IDEA Community Edition 2021.3.2\bin;C:\Program Files\JetBrains\IntelliJ IDEA 2021.3.2\bin;C:\Users\pc\AppData\Roaming\nvm;C:\Program Files\nodejs;C:\Program Files\Git\usr\bin\vendor_perl;C:\Program Files\Git\usr\bin\core_perl

Yarn version: 
  1.22.17

Node version: 
  16.13.1

Platform: 
  win32 x64

Trace: 
  Error: https://registry.yarnpkg.com/body-parcer: Not found
      at Request.params.callback [as _callback] (C:\Users\pc\AppData\Roaming\npm\node_modules\yarn\lib\cli.js:67029:18)
      at Request.self.callback (C:\Users\pc\AppData\Roaming\npm\node_modules\yarn\lib\cli.js:140883:22)
      at Request.emit (node:events:390:28)
      at Request.<anonymous> (C:\Users\pc\AppData\Roaming\npm\node_modules\yarn\lib\cli.js:141855:10)
      at Request.emit (node:events:390:28)
      at IncomingMessage.<anonymous> (C:\Users\pc\AppData\Roaming\npm\node_modules\yarn\lib\cli.js:141777:12)
      at Object.onceWrapper (node:events:509:28)
      at IncomingMessage.emit (node:events:402:35)
      at endReadableNT (node:internal/streams/readable:1343:12)
      at processTicksAndRejections (node:internal/process/task_queues:83:21)

npm manifest: 
  No manifest

yarn manifest: 
  No manifest

Lockfile: 
  # THIS IS AN AUTOGENERATED FILE. DO NOT EDIT THIS FILE DIRECTLY.
  # yarn lockfile v1
